<?xml version="1.0" encoding="UTF-8"?>
<testng-results ignored="0" total="1" passed="1" failed="0" skipped="0">
  <reporter-output>
  </reporter-output>
  <suite started-at="2022-02-16T11:57:05 IST" name="Default suite" finished-at="2022-02-16T11:57:45 IST" duration-ms="39614">
    <groups>
    </groups>
    <test started-at="2022-02-16T11:57:05 IST" name="Default test" finished-at="2022-02-16T11:57:45 IST" duration-ms="39614">
      <class name="mavenproj.Openamazon">
        <test-method is-config="true" signature="conn()[pri:0, instance:mavenproj.Openamazon@1a18644]" started-at="2022-02-16T11:57:05 IST" name="conn" finished-at="2022-02-16T11:57:39 IST" duration-ms="33616" status="PASS">
          <reporter-output>
          </reporter-output>
        </test-method> <!-- conn -->
        <test-method signature="open()[pri:0, instance:mavenproj.Openamazon@1a18644]" started-at="2022-02-16T11:57:39 IST" name="open" finished-at="2022-02-16T11:57:45 IST" duration-ms="5902" status="PASS">
          <reporter-output>
          </reporter-output>
        </test-method> <!-- open -->
      </class> <!-- mavenproj.Openamazon -->
    </test> <!-- Default test -->
  </suite> <!-- Default suite -->
</testng-results>
