<?xml version="1.0" encoding="UTF-8"?>
<testng-results ignored="0" total="1" passed="1" failed="0" skipped="0">
  <reporter-output>
  </reporter-output>
  <suite started-at="2022-02-16T12:11:25 IST" name="Default suite" finished-at="2022-02-16T12:12:19 IST" duration-ms="54137">
    <groups>
    </groups>
    <test started-at="2022-02-16T12:11:25 IST" name="Default test" finished-at="2022-02-16T12:12:19 IST" duration-ms="54137">
      <class name="mavenproj.Openamazon">
        <test-method is-config="true" signature="conn()[pri:0, instance:mavenproj.Openamazon@6cd28fa7]" started-at="2022-02-16T12:11:25 IST" name="conn" finished-at="2022-02-16T12:12:09 IST" duration-ms="43764" status="PASS">
          <reporter-output>
          </reporter-output>
        </test-method> <!-- conn -->
        <test-method signature="open()[pri:0, instance:mavenproj.Openamazon@6cd28fa7]" started-at="2022-02-16T12:12:09 IST" name="open" finished-at="2022-02-16T12:12:14 IST" duration-ms="5515" status="PASS">
          <reporter-output>
          </reporter-output>
        </test-method> <!-- open -->
        <test-method is-config="true" signature="close()[pri:0, instance:mavenproj.Openamazon@6cd28fa7]" started-at="2022-02-16T12:12:14 IST" name="close" finished-at="2022-02-16T12:12:19 IST" duration-ms="4778" status="PASS">
          <reporter-output>
          </reporter-output>
        </test-method> <!-- close -->
      </class> <!-- mavenproj.Openamazon -->
    </test> <!-- Default test -->
  </suite> <!-- Default suite -->
</testng-results>
